
Error compiling Cython file:
------------------------------------------------------------
...
from libcpp cimport bool
import numpy as np
cimport numpy as np

import ANNarchy
from ANNarchy.core.cython_ext.Connector cimport LILConnectivity as LIL
^
------------------------------------------------------------

ANNarchyCore0.pyx:10:0: 'ANNarchy/core/cython_ext/Connector.pxd' not found

Error compiling Cython file:
------------------------------------------------------------
...
from libcpp cimport bool
import numpy as np
cimport numpy as np

import ANNarchy
from ANNarchy.core.cython_ext.Connector cimport LILConnectivity as LIL
^
------------------------------------------------------------

ANNarchyCore0.pyx:10:0: 'ANNarchy/core/cython_ext/Connector/LILConnectivity.pxd' not found

Error compiling Cython file:
------------------------------------------------------------
...
import numpy as np
cimport numpy as np

import ANNarchy
from ANNarchy.core.cython_ext.Connector cimport LILConnectivity as LIL
from ANNarchy.core.cython_ext.Connector cimport CSRConnectivity, CSRConnectivityPre1st
^
------------------------------------------------------------

ANNarchyCore0.pyx:11:0: 'ANNarchy/core/cython_ext/Connector/CSRConnectivity.pxd' not found

Error compiling Cython file:
------------------------------------------------------------
...
import numpy as np
cimport numpy as np

import ANNarchy
from ANNarchy.core.cython_ext.Connector cimport LILConnectivity as LIL
from ANNarchy.core.cython_ext.Connector cimport CSRConnectivity, CSRConnectivityPre1st
^
------------------------------------------------------------

ANNarchyCore0.pyx:11:0: 'ANNarchy/core/cython_ext/Connector/CSRConnectivityPre1st.pxd' not found

Error compiling Cython file:
------------------------------------------------------------
...
# Wrapper for projection 0
cdef class proj0_wrapper :

    def __cinit__(self, synapses):

        cdef LIL syn = synapses
            ^
------------------------------------------------------------

ANNarchyCore0.pyx:1669:13: 'LIL' is not a type identifier

Error compiling Cython file:
------------------------------------------------------------
...
# Wrapper for projection 1
cdef class proj1_wrapper :

    def __cinit__(self, synapses):

        cdef LIL syn = synapses
            ^
------------------------------------------------------------

ANNarchyCore0.pyx:1766:13: 'LIL' is not a type identifier

Error compiling Cython file:
------------------------------------------------------------
...
# Wrapper for projection 2
cdef class proj2_wrapper :

    def __cinit__(self, synapses):

        cdef LIL syn = synapses
            ^
------------------------------------------------------------

ANNarchyCore0.pyx:1863:13: 'LIL' is not a type identifier
make: *** [all] Error 1
